<?xml version="1.0" encoding="UTF-8"?>
<!-- Generated by org.testng.reporters.JUnitXMLReporter -->
<testsuite ignored="0" hostname="DESKTOP-QK082SQ" failures="1" tests="8" name="Test" time="40.228" errors="0" timestamp="2020-03-26T15:12:12 IST">
  <testcase classname="TestNg.TestNgForChrome" name="@BeforeMethod LB" time="16.428">
    <failure type="org.openqa.selenium.SessionNotCreatedException" message="session not created
from chrome not reachable
  (Session info: chrome=80.0.3987.149)
Build info: version: &amp;apos;3.141.59&amp;apos;, revision: &amp;apos;e82be7d358&amp;apos;, time: &amp;apos;2018-11-14T08:17:03&amp;apos;
System info: host: &amp;apos;DESKTOP-QK082SQ&amp;apos;, ip: &amp;apos;192.168.43.166&amp;apos;, os.name: &amp;apos;Windows 10&amp;apos;, os.arch: &amp;apos;amd64&amp;apos;, os.version: &amp;apos;10.0&amp;apos;, java.version: &amp;apos;12.0.2&amp;apos;
Driver info: driver.version: ChromeDriver
remote stacktrace: Backtrace:
	Ordinal0 [0x00DFA113+1548563]
	Ordinal0 [0x00D7DDA1+1039777]
	Ordinal0 [0x00CFE32E+516910]
	Ordinal0 [0x00CF8012+491538]
	Ordinal0 [0x00CF86EB+493291]
	Ordinal0 [0x00CF9855+497749]
	Ordinal0 [0x00CF5885+481413]
	Ordinal0 [0x00CFF0D0+520400]
	Ordinal0 [0x00CAC030+180272]
	Ordinal0 [0x00CAB59D+177565]
	Ordinal0 [0x00CA95FB+169467]
	Ordinal0 [0x00C9160A+71178]
	Ordinal0 [0x00C92690+75408]
	Ordinal0 [0x00C92629+75305]
	Ordinal0 [0x00D971B7+1143223]
	GetHandleVerifier [0x00E92B46+507814]
	GetHandleVerifier [0x00E92864+507076]
	GetHandleVerifier [0x00E99F47+537511]
	GetHandleVerifier [0x00E93402+510050]
	Ordinal0 [0x00D8F29C+1110684]
	Ordinal0 [0x00D9938B+1151883]
	Ordinal0 [0x00D994F3+1152243]
	Ordinal0 [0x00D983F5+1147893]
	BaseThreadInitThunk [0x76E86359+25]
	RtlGetAppContainerNamedObjectPath [0x77B37B74+228]
	RtlGetAppContainerNamedObjectPath [0x77B37B44+180]
">
      <![CDATA[org.openqa.selenium.SessionNotCreatedException: session not created
from chrome not reachable
  (Session info: chrome=80.0.3987.149)
Build info: version: '3.141.59', revision: 'e82be7d358', time: '2018-11-14T08:17:03'
System info: host: 'DESKTOP-QK082SQ', ip: '192.168.43.166', os.name: 'Windows 10', os.arch: 'amd64', os.version: '10.0', java.version: '12.0.2'
Driver info: driver.version: ChromeDriver
remote stacktrace: Backtrace:
Ordinal0 [0x00DFA113+1548563]
Ordinal0 [0x00D7DDA1+1039777]
Ordinal0 [0x00CFE32E+516910]
Ordinal0 [0x00CF8012+491538]
Ordinal0 [0x00CF86EB+493291]
Ordinal0 [0x00CF9855+497749]
Ordinal0 [0x00CF5885+481413]
Ordinal0 [0x00CFF0D0+520400]
Ordinal0 [0x00CAC030+180272]
Ordinal0 [0x00CAB59D+177565]
Ordinal0 [0x00CA95FB+169467]
Ordinal0 [0x00C9160A+71178]
Ordinal0 [0x00C92690+75408]
Ordinal0 [0x00C92629+75305]
Ordinal0 [0x00D971B7+1143223]
GetHandleVerifier [0x00E92B46+507814]
GetHandleVerifier [0x00E92864+507076]
GetHandleVerifier [0x00E99F47+537511]
GetHandleVerifier [0x00E93402+510050]
Ordinal0 [0x00D8F29C+1110684]
Ordinal0 [0x00D9938B+1151883]
Ordinal0 [0x00D994F3+1152243]
Ordinal0 [0x00D983F5+1147893]
BaseThreadInitThunk [0x76E86359+25]
RtlGetAppContainerNamedObjectPath [0x77B37B74+228]
RtlGetAppContainerNamedObjectPath [0x77B37B44+180]

at org.openqa.selenium.remote.W3CHandshakeResponse.lambda$errorHandler$0(W3CHandshakeResponse.java:62)
at org.openqa.selenium.remote.HandshakeResponse.lambda$getResponseFunction$0(HandshakeResponse.java:30)
at org.openqa.selenium.remote.ProtocolHandshake.lambda$createSession$0(ProtocolHandshake.java:126)
at java.base/java.util.stream.ReferencePipeline$3$1.accept(ReferencePipeline.java:195)
at java.base/java.util.Spliterators$ArraySpliterator.tryAdvance(Spliterators.java:958)
at java.base/java.util.stream.ReferencePipeline.forEachWithCancel(ReferencePipeline.java:127)
at java.base/java.util.stream.AbstractPipeline.copyIntoWithCancel(AbstractPipeline.java:502)
at java.base/java.util.stream.AbstractPipeline.copyInto(AbstractPipeline.java:488)
at java.base/java.util.stream.AbstractPipeline.wrapAndCopyInto(AbstractPipeline.java:474)
at java.base/java.util.stream.FindOps$FindOp.evaluateSequential(FindOps.java:150)
at java.base/java.util.stream.AbstractPipeline.evaluate(AbstractPipeline.java:234)
at java.base/java.util.stream.ReferencePipeline.findFirst(ReferencePipeline.java:543)
at org.openqa.selenium.remote.ProtocolHandshake.createSession(ProtocolHandshake.java:128)
at org.openqa.selenium.remote.ProtocolHandshake.createSession(ProtocolHandshake.java:74)
at org.openqa.selenium.remote.HttpCommandExecutor.execute(HttpCommandExecutor.java:136)
at org.openqa.selenium.remote.service.DriverCommandExecutor.execute(DriverCommandExecutor.java:83)
at org.openqa.selenium.remote.RemoteWebDriver.execute(RemoteWebDriver.java:552)
at org.openqa.selenium.remote.RemoteWebDriver.startSession(RemoteWebDriver.java:213)
at org.openqa.selenium.remote.RemoteWebDriver.<init>(RemoteWebDriver.java:131)
at org.openqa.selenium.chrome.ChromeDriver.<init>(ChromeDriver.java:181)
at org.openqa.selenium.chrome.ChromeDriver.<init>(ChromeDriver.java:168)
at org.openqa.selenium.chrome.ChromeDriver.<init>(ChromeDriver.java:123)
at Utilities.ExplicitCode.launchbrowser(ExplicitCode.java:76)
at TestNg.TestNgForChrome.LB(TestNgForChrome.java:25)
at java.base/java.util.ArrayList.forEach(ArrayList.java:1540)
... Removed 36 stack frames]]>
    </failure>
  </testcase> <!-- @BeforeMethod LB -->
  <testcase classname="TestNg.TestNgForChrome" name="@BeforeMethod LB" time="-1.585215708474E9">
    <skipped/>
  </testcase> <!-- @BeforeMethod LB -->
  <testcase classname="TestNg.TestNgForChrome" name="@BeforeMethod LB" time="-1.585215708489E9">
    <skipped/>
  </testcase> <!-- @BeforeMethod LB -->
  <testcase classname="TestNg.TestNgForChrome" name="@BeforeMethod LB" time="-1.585215708505E9">
    <skipped/>
  </testcase> <!-- @BeforeMethod LB -->
  <testcase classname="TestNg.TestNgForFirefox" name="@BeforeMethod LB" time="6.766">
    <failure type="org.openqa.selenium.NoSuchWindowException" message="no such window: target window already closed
from unknown error: web view not found
  (Session info: chrome=80.0.3987.149)
Build info: version: &amp;apos;3.141.59&amp;apos;, revision: &amp;apos;e82be7d358&amp;apos;, time: &amp;apos;2018-11-14T08:17:03&amp;apos;
System info: host: &amp;apos;DESKTOP-QK082SQ&amp;apos;, ip: &amp;apos;192.168.43.166&amp;apos;, os.name: &amp;apos;Windows 10&amp;apos;, os.arch: &amp;apos;amd64&amp;apos;, os.version: &amp;apos;10.0&amp;apos;, java.version: &amp;apos;12.0.2&amp;apos;
Driver info: org.openqa.selenium.chrome.ChromeDriver
Capabilities {acceptInsecureCerts: false, browserName: chrome, browserVersion: 80.0.3987.149, chrome: {chromedriverVersion: 79.0.3945.36 (3582db32b3389..., userDataDir: C:\Users\mohan\AppData\Loca...}, goog:chromeOptions: {debuggerAddress: localhost:65084}, javascriptEnabled: true, networkConnectionEnabled: false, pageLoadStrategy: normal, platform: WINDOWS, platformName: WINDOWS, proxy: Proxy(), setWindowRect: true, strictFileInteractability: false, timeouts: {implicit: 0, pageLoad: 300000, script: 30000}, unhandledPromptBehavior: dismiss and notify}
Session ID: 6061b347a468c7c496f604cb3ee4264d">
      <![CDATA[org.openqa.selenium.NoSuchWindowException: no such window: target window already closed
from unknown error: web view not found
  (Session info: chrome=80.0.3987.149)
Build info: version: '3.141.59', revision: 'e82be7d358', time: '2018-11-14T08:17:03'
System info: host: 'DESKTOP-QK082SQ', ip: '192.168.43.166', os.name: 'Windows 10', os.arch: 'amd64', os.version: '10.0', java.version: '12.0.2'
Driver info: org.openqa.selenium.chrome.ChromeDriver
Capabilities {acceptInsecureCerts: false, browserName: chrome, browserVersion: 80.0.3987.149, chrome: {chromedriverVersion: 79.0.3945.36 (3582db32b3389..., userDataDir: C:\Users\mohan\AppData\Loca...}, goog:chromeOptions: {debuggerAddress: localhost:65084}, javascriptEnabled: true, networkConnectionEnabled: false, pageLoadStrategy: normal, platform: WINDOWS, platformName: WINDOWS, proxy: Proxy(), setWindowRect: true, strictFileInteractability: false, timeouts: {implicit: 0, pageLoad: 300000, script: 30000}, unhandledPromptBehavior: dismiss and notify}
Session ID: 6061b347a468c7c496f604cb3ee4264d
at org.openqa.selenium.remote.http.W3CHttpResponseCodec.createException(W3CHttpResponseCodec.java:187)
at org.openqa.selenium.remote.http.W3CHttpResponseCodec.decode(W3CHttpResponseCodec.java:122)
at org.openqa.selenium.remote.http.W3CHttpResponseCodec.decode(W3CHttpResponseCodec.java:49)
at org.openqa.selenium.remote.HttpCommandExecutor.execute(HttpCommandExecutor.java:158)
at org.openqa.selenium.remote.service.DriverCommandExecutor.execute(DriverCommandExecutor.java:83)
at org.openqa.selenium.remote.RemoteWebDriver.execute(RemoteWebDriver.java:552)
at org.openqa.selenium.remote.RemoteWebDriver.execute(RemoteWebDriver.java:609)
at org.openqa.selenium.remote.RemoteWebDriver$RemoteWebDriverOptions$RemoteWindow.maximize(RemoteWebDriver.java:837)
at Utilities.ExplicitCode.launchbrowser(ExplicitCode.java:82)
at TestNg.TestNgForFirefox.LB(TestNgForFirefox.java:25)
at java.base/java.util.ArrayList.forEach(ArrayList.java:1540)
... Removed 36 stack frames]]>
    </failure>
  </testcase> <!-- @BeforeMethod LB -->
  <testcase classname="TestNg.TestNgForFirefox" name="@BeforeMethod LB" time="-1.585215732124E9">
    <skipped/>
  </testcase> <!-- @BeforeMethod LB -->
  <testcase classname="TestNg.TestNgForFirefox" name="@BeforeMethod LB" time="-1.585215732161E9">
    <skipped/>
  </testcase> <!-- @BeforeMethod LB -->
  <testcase classname="TestNg.TestNgForChrome" name="f" time="0.0">
    <skipped/>
  </testcase> <!-- f -->
  <testcase classname="TestNg.TestNgForChrome" name="f" time="0.0">
    <skipped/>
  </testcase> <!-- f -->
  <testcase classname="TestNg.TestNgForChrome" name="f" time="0.0">
    <skipped/>
  </testcase> <!-- f -->
  <testcase classname="TestNg.TestNgForChrome" name="add" time="0.0">
    <skipped/>
  </testcase> <!-- add -->
  <testcase classname="TestNg.TestNgForFirefox" name="f" time="1.006">
    <failure type="java.lang.IllegalArgumentException" message="Keys to send should be a not null CharSequence">
      <![CDATA[java.lang.IllegalArgumentException: Keys to send should be a not null CharSequence
at org.openqa.selenium.remote.RemoteWebElement.sendKeys(RemoteWebElement.java:97)
at pomPages.signUpPage.sendKeysUsername(signUpPage.java:26)
at pomPages.signUpPage.signUp(signUpPage.java:54)
at TestNg.TestNgForFirefox.f(TestNgForFirefox.java:34)
at java.base/java.util.ArrayList.forEach(ArrayList.java:1540)
... Removed 27 stack frames]]>
    </failure>
  </testcase> <!-- f -->
  <testcase classname="TestNg.TestNgForFirefox" name="f" time="0.0">
    <skipped/>
  </testcase> <!-- f -->
  <testcase classname="TestNg.TestNgForFirefox" name="f" time="0.0">
    <skipped/>
  </testcase> <!-- f -->
  <testcase classname="TestNg.TestNgForFirefox" name="add" time="0.0">
    <skipped/>
  </testcase> <!-- add -->
</testsuite> <!-- Test -->
