<!DOCTYPE html>

<html>
  <head>
  <meta charset='utf-8'>
  <title>TestNG reports</title>

    <link type="text/css" href="testng-reports.css" rel="stylesheet" />
    <script type="text/javascript" src="jquery-1.7.1.min.js"></script>
    <script type="text/javascript" src="testng-reports.js"></script>
    <script type="text/javascript" src="https://www.google.com/jsapi"></script>
    <script type='text/javascript'>
      google.load('visualization', '1', {packages:['table']});
      google.setOnLoadCallback(drawTable);
      var suiteTableInitFunctions = new Array();
      var suiteTableData = new Array();
    </script>
    <!--
      <script type="text/javascript" src="jquery-ui/js/jquery-ui-1.8.16.custom.min.js"></script>
     -->
  </head>

  <body>
    <div class="top-banner-root">
      <span class="top-banner-title-font">Test results</span>
      <br/>
      <span class="top-banner-font-1">1 suite, 1 failed test</span>
    </div> <!-- top-banner-root -->
    <div class="navigator-root">
      <div class="navigator-suite-header">
        <span>All suites</span>
        <a href="#" title="Collapse/expand all the suites" class="collapse-all-link">
          <img src="collapseall.gif" class="collapse-all-icon">
          </img> <!-- collapse-all-icon -->
        </a> <!-- collapse-all-link -->
      </div> <!-- navigator-suite-header -->
      <div class="suite">
        <div class="rounded-window">
          <div class="suite-header light-rounded-window-top">
            <a href="#" panel-name="suite-Suite" class="navigator-link">
              <span class="suite-name border-failed">Suite</span>
            </a> <!-- navigator-link -->
          </div> <!-- suite-header light-rounded-window-top -->
          <div class="navigator-suite-content">
            <div class="suite-section-title">
              <span>Info</span>
            </div> <!-- suite-section-title -->
            <div class="suite-section-content">
              <ul>
                <li>
                  <a href="#" panel-name="test-xml-Suite" class="navigator-link ">
                    <span>C:\Users\mohan\Downloads\Hemanthkumar_845133\Hemanth_Projectmodified\Hemanth_Project\testngC.xml</span>
                  </a> <!-- navigator-link  -->
                </li>
                <li>
                  <a href="#" panel-name="testlist-Suite" class="navigator-link ">
                    <span class="test-stats">1 test</span>
                  </a> <!-- navigator-link  -->
                </li>
                <li>
                  <a href="#" panel-name="group-Suite" class="navigator-link ">
                    <span>0 groups</span>
                  </a> <!-- navigator-link  -->
                </li>
                <li>
                  <a href="#" panel-name="times-Suite" class="navigator-link ">
                    <span>Times</span>
                  </a> <!-- navigator-link  -->
                </li>
                <li>
                  <a href="#" panel-name="reporter-Suite" class="navigator-link ">
                    <span>Reporter output</span>
                  </a> <!-- navigator-link  -->
                </li>
                <li>
                  <a href="#" panel-name="ignored-methods-Suite" class="navigator-link ">
                    <span>Ignored methods</span>
                  </a> <!-- navigator-link  -->
                </li>
                <li>
                  <a href="#" panel-name="chronological-Suite" class="navigator-link ">
                    <span>Chronological view</span>
                  </a> <!-- navigator-link  -->
                </li>
              </ul>
            </div> <!-- suite-section-content -->
            <div class="result-section">
              <div class="suite-section-title">
                <span>Results</span>
              </div> <!-- suite-section-title -->
              <div class="suite-section-content">
                <ul>
                  <li>
                    <span class="method-stats">8 methods, 1 failed,  7 skipped,  </span>
                  </li>
                  <li>
                    <span class="method-list-title failed">Failed methods</span>
                    <span class="show-or-hide-methods failed">
                      <a href="#" panel-name="suite-Suite" class="hide-methods failed suite-Suite"> (hide)</a> <!-- hide-methods failed suite-Suite -->
                      <a href="#" panel-name="suite-Suite" class="show-methods failed suite-Suite"> (show)</a> <!-- show-methods failed suite-Suite -->
                    </span>
                    <div class="method-list-content failed suite-Suite">
                      <span>
                        <img src="failed.png" width="3%"/>
                        <a href="#" panel-name="suite-Suite" title="TestNg.TestNgForFirefox" class="method navigator-link" hash-for-method="f(null, null)">f(null, null)</a> <!-- method navigator-link -->
                      </span>
                      <br/>
                    </div> <!-- method-list-content failed suite-Suite -->
                  </li>
                  <li>
                    <span class="method-list-title skipped">Skipped methods</span>
                    <span class="show-or-hide-methods skipped">
                      <a href="#" panel-name="suite-Suite" class="hide-methods skipped suite-Suite"> (hide)</a> <!-- hide-methods skipped suite-Suite -->
                      <a href="#" panel-name="suite-Suite" class="show-methods skipped suite-Suite"> (show)</a> <!-- show-methods skipped suite-Suite -->
                    </span>
                    <div class="method-list-content skipped suite-Suite">
                      <span>
                        <img src="skipped.png" width="3%"/>
                        <a href="#" panel-name="suite-Suite" title="TestNg.TestNgForChrome" class="method navigator-link" hash-for-method="add">add</a> <!-- method navigator-link -->
                      </span>
                      <br/>
                      <span>
                        <img src="skipped.png" width="3%"/>
                        <a href="#" panel-name="suite-Suite" title="TestNg.TestNgForFirefox" class="method navigator-link" hash-for-method="add">add</a> <!-- method navigator-link -->
                      </span>
                      <br/>
                      <span>
                        <img src="skipped.png" width="3%"/>
                        <a href="#" panel-name="suite-Suite" title="TestNg.TestNgForFirefox" class="method navigator-link" hash-for-method="f">f</a> <!-- method navigator-link -->
                      </span>
                      <br/>
                      <span>
                        <img src="skipped.png" width="3%"/>
                        <a href="#" panel-name="suite-Suite" title="TestNg.TestNgForChrome" class="method navigator-link" hash-for-method="f">f</a> <!-- method navigator-link -->
                      </span>
                      <br/>
                      <span>
                        <img src="skipped.png" width="3%"/>
                        <a href="#" panel-name="suite-Suite" title="TestNg.TestNgForFirefox" class="method navigator-link" hash-for-method="f">f</a> <!-- method navigator-link -->
                      </span>
                      <br/>
                      <span>
                        <img src="skipped.png" width="3%"/>
                        <a href="#" panel-name="suite-Suite" title="TestNg.TestNgForChrome" class="method navigator-link" hash-for-method="f">f</a> <!-- method navigator-link -->
                      </span>
                      <br/>
                      <span>
                        <img src="skipped.png" width="3%"/>
                        <a href="#" panel-name="suite-Suite" title="TestNg.TestNgForChrome" class="method navigator-link" hash-for-method="f">f</a> <!-- method navigator-link -->
                      </span>
                      <br/>
                    </div> <!-- method-list-content skipped suite-Suite -->
                  </li>
                </ul>
              </div> <!-- suite-section-content -->
            </div> <!-- result-section -->
          </div> <!-- navigator-suite-content -->
        </div> <!-- rounded-window -->
      </div> <!-- suite -->
    </div> <!-- navigator-root -->
    <div class="wrapper">
      <div class="main-panel-root">
        <div panel-name="suite-Suite" class="panel Suite">
          <div class="suite-Suite-class-failed">
            <div class="main-panel-header rounded-window-top">
              <img src="failed.png"/>
              <span class="class-name">TestNg.TestNgForFirefox</span>
            </div> <!-- main-panel-header rounded-window-top -->
            <div class="main-panel-content rounded-window-bottom">
              <div class="method">
                <div class="method-content">
                  <a name="f(null, null)">
                  </a> <!-- f(null, null) -->
                  <span class="method-name">f</span>
                  <span class="parameters">(null, null)</span>
                  <div class="stack-trace">java.lang.IllegalArgumentException: Keys to send should be a not null CharSequence
	at org.openqa.selenium.remote.RemoteWebElement.sendKeys(RemoteWebElement.java:97)
	at pomPages.signUpPage.sendKeysUsername(signUpPage.java:26)
	at pomPages.signUpPage.signUp(signUpPage.java:54)
	at TestNg.TestNgForFirefox.f(TestNgForFirefox.java:34)
	at java.base/java.util.ArrayList.forEach(ArrayList.java:1540)
... Removed 27 stack frames
</div> <!-- stack-trace -->
                </div> <!-- method-content -->
              </div> <!-- method -->
            </div> <!-- main-panel-content rounded-window-bottom -->
          </div> <!-- suite-Suite-class-failed -->
          <div class="suite-Suite-class-skipped">
            <div class="main-panel-header rounded-window-top">
              <img src="skipped.png"/>
              <span class="class-name">TestNg.TestNgForChrome</span>
            </div> <!-- main-panel-header rounded-window-top -->
            <div class="main-panel-content rounded-window-bottom">
              <div class="method">
                <div class="method-content">
                  <a name="add">
                  </a> <!-- add -->
                  <span class="method-name">add</span>
                  <div class="stack-trace">org.openqa.selenium.SessionNotCreatedException: session not created
from chrome not reachable
  (Session info: chrome=80.0.3987.149)
Build info: version: &apos;3.141.59&apos;, revision: &apos;e82be7d358&apos;, time: &apos;2018-11-14T08:17:03&apos;
System info: host: &apos;DESKTOP-QK082SQ&apos;, ip: &apos;192.168.43.166&apos;, os.name: &apos;Windows 10&apos;, os.arch: &apos;amd64&apos;, os.version: &apos;10.0&apos;, java.version: &apos;12.0.2&apos;
Driver info: driver.version: ChromeDriver
remote stacktrace: Backtrace:
	Ordinal0 [0x00DFA113+1548563]
	Ordinal0 [0x00D7DDA1+1039777]
	Ordinal0 [0x00CFE32E+516910]
	Ordinal0 [0x00CF8012+491538]
	Ordinal0 [0x00CF86EB+493291]
	Ordinal0 [0x00CF9855+497749]
	Ordinal0 [0x00CF5885+481413]
	Ordinal0 [0x00CFF0D0+520400]
	Ordinal0 [0x00CAC030+180272]
	Ordinal0 [0x00CAB59D+177565]
	Ordinal0 [0x00CA95FB+169467]
	Ordinal0 [0x00C9160A+71178]
	Ordinal0 [0x00C92690+75408]
	Ordinal0 [0x00C92629+75305]
	Ordinal0 [0x00D971B7+1143223]
	GetHandleVerifier [0x00E92B46+507814]
	GetHandleVerifier [0x00E92864+507076]
	GetHandleVerifier [0x00E99F47+537511]
	GetHandleVerifier [0x00E93402+510050]
	Ordinal0 [0x00D8F29C+1110684]
	Ordinal0 [0x00D9938B+1151883]
	Ordinal0 [0x00D994F3+1152243]
	Ordinal0 [0x00D983F5+1147893]
	BaseThreadInitThunk [0x76E86359+25]
	RtlGetAppContainerNamedObjectPath [0x77B37B74+228]
	RtlGetAppContainerNamedObjectPath [0x77B37B44+180]

	at org.openqa.selenium.remote.W3CHandshakeResponse.lambda$errorHandler$0(W3CHandshakeResponse.java:62)
	at org.openqa.selenium.remote.HandshakeResponse.lambda$getResponseFunction$0(HandshakeResponse.java:30)
	at org.openqa.selenium.remote.ProtocolHandshake.lambda$createSession$0(ProtocolHandshake.java:126)
	at java.base/java.util.stream.ReferencePipeline$3$1.accept(ReferencePipeline.java:195)
	at java.base/java.util.Spliterators$ArraySpliterator.tryAdvance(Spliterators.java:958)
	at java.base/java.util.stream.ReferencePipeline.forEachWithCancel(ReferencePipeline.java:127)
	at java.base/java.util.stream.AbstractPipeline.copyIntoWithCancel(AbstractPipeline.java:502)
	at java.base/java.util.stream.AbstractPipeline.copyInto(AbstractPipeline.java:488)
	at java.base/java.util.stream.AbstractPipeline.wrapAndCopyInto(AbstractPipeline.java:474)
	at java.base/java.util.stream.FindOps$FindOp.evaluateSequential(FindOps.java:150)
	at java.base/java.util.stream.AbstractPipeline.evaluate(AbstractPipeline.java:234)
	at java.base/java.util.stream.ReferencePipeline.findFirst(ReferencePipeline.java:543)
	at org.openqa.selenium.remote.ProtocolHandshake.createSession(ProtocolHandshake.java:128)
	at org.openqa.selenium.remote.ProtocolHandshake.createSession(ProtocolHandshake.java:74)
	at org.openqa.selenium.remote.HttpCommandExecutor.execute(HttpCommandExecutor.java:136)
	at org.openqa.selenium.remote.service.DriverCommandExecutor.execute(DriverCommandExecutor.java:83)
	at org.openqa.selenium.remote.RemoteWebDriver.execute(RemoteWebDriver.java:552)
	at org.openqa.selenium.remote.RemoteWebDriver.startSession(RemoteWebDriver.java:213)
	at org.openqa.selenium.remote.RemoteWebDriver.&lt;init&gt;(RemoteWebDriver.java:131)
	at org.openqa.selenium.chrome.ChromeDriver.&lt;init&gt;(ChromeDriver.java:181)
	at org.openqa.selenium.chrome.ChromeDriver.&lt;init&gt;(ChromeDriver.java:168)
	at org.openqa.selenium.chrome.ChromeDriver.&lt;init&gt;(ChromeDriver.java:123)
	at Utilities.ExplicitCode.launchbrowser(ExplicitCode.java:76)
	at TestNg.TestNgForChrome.LB(TestNgForChrome.java:25)
	at java.base/java.util.ArrayList.forEach(ArrayList.java:1540)
... Removed 36 stack frames
</div> <!-- stack-trace -->
                </div> <!-- method-content -->
              </div> <!-- method -->
              <div class="method">
                <div class="method-content">
                  <a name="f">
                  </a> <!-- f -->
                  <span class="method-name">f</span>
                  <div class="stack-trace">org.openqa.selenium.SessionNotCreatedException: session not created
from chrome not reachable
  (Session info: chrome=80.0.3987.149)
Build info: version: &apos;3.141.59&apos;, revision: &apos;e82be7d358&apos;, time: &apos;2018-11-14T08:17:03&apos;
System info: host: &apos;DESKTOP-QK082SQ&apos;, ip: &apos;192.168.43.166&apos;, os.name: &apos;Windows 10&apos;, os.arch: &apos;amd64&apos;, os.version: &apos;10.0&apos;, java.version: &apos;12.0.2&apos;
Driver info: driver.version: ChromeDriver
remote stacktrace: Backtrace:
	Ordinal0 [0x00DFA113+1548563]
	Ordinal0 [0x00D7DDA1+1039777]
	Ordinal0 [0x00CFE32E+516910]
	Ordinal0 [0x00CF8012+491538]
	Ordinal0 [0x00CF86EB+493291]
	Ordinal0 [0x00CF9855+497749]
	Ordinal0 [0x00CF5885+481413]
	Ordinal0 [0x00CFF0D0+520400]
	Ordinal0 [0x00CAC030+180272]
	Ordinal0 [0x00CAB59D+177565]
	Ordinal0 [0x00CA95FB+169467]
	Ordinal0 [0x00C9160A+71178]
	Ordinal0 [0x00C92690+75408]
	Ordinal0 [0x00C92629+75305]
	Ordinal0 [0x00D971B7+1143223]
	GetHandleVerifier [0x00E92B46+507814]
	GetHandleVerifier [0x00E92864+507076]
	GetHandleVerifier [0x00E99F47+537511]
	GetHandleVerifier [0x00E93402+510050]
	Ordinal0 [0x00D8F29C+1110684]
	Ordinal0 [0x00D9938B+1151883]
	Ordinal0 [0x00D994F3+1152243]
	Ordinal0 [0x00D983F5+1147893]
	BaseThreadInitThunk [0x76E86359+25]
	RtlGetAppContainerNamedObjectPath [0x77B37B74+228]
	RtlGetAppContainerNamedObjectPath [0x77B37B44+180]

	at org.openqa.selenium.remote.W3CHandshakeResponse.lambda$errorHandler$0(W3CHandshakeResponse.java:62)
	at org.openqa.selenium.remote.HandshakeResponse.lambda$getResponseFunction$0(HandshakeResponse.java:30)
	at org.openqa.selenium.remote.ProtocolHandshake.lambda$createSession$0(ProtocolHandshake.java:126)
	at java.base/java.util.stream.ReferencePipeline$3$1.accept(ReferencePipeline.java:195)
	at java.base/java.util.Spliterators$ArraySpliterator.tryAdvance(Spliterators.java:958)
	at java.base/java.util.stream.ReferencePipeline.forEachWithCancel(ReferencePipeline.java:127)
	at java.base/java.util.stream.AbstractPipeline.copyIntoWithCancel(AbstractPipeline.java:502)
	at java.base/java.util.stream.AbstractPipeline.copyInto(AbstractPipeline.java:488)
	at java.base/java.util.stream.AbstractPipeline.wrapAndCopyInto(AbstractPipeline.java:474)
	at java.base/java.util.stream.FindOps$FindOp.evaluateSequential(FindOps.java:150)
	at java.base/java.util.stream.AbstractPipeline.evaluate(AbstractPipeline.java:234)
	at java.base/java.util.stream.ReferencePipeline.findFirst(ReferencePipeline.java:543)
	at org.openqa.selenium.remote.ProtocolHandshake.createSession(ProtocolHandshake.java:128)
	at org.openqa.selenium.remote.ProtocolHandshake.createSession(ProtocolHandshake.java:74)
	at org.openqa.selenium.remote.HttpCommandExecutor.execute(HttpCommandExecutor.java:136)
	at org.openqa.selenium.remote.service.DriverCommandExecutor.execute(DriverCommandExecutor.java:83)
	at org.openqa.selenium.remote.RemoteWebDriver.execute(RemoteWebDriver.java:552)
	at org.openqa.selenium.remote.RemoteWebDriver.startSession(RemoteWebDriver.java:213)
	at org.openqa.selenium.remote.RemoteWebDriver.&lt;init&gt;(RemoteWebDriver.java:131)
	at org.openqa.selenium.chrome.ChromeDriver.&lt;init&gt;(ChromeDriver.java:181)
	at org.openqa.selenium.chrome.ChromeDriver.&lt;init&gt;(ChromeDriver.java:168)
	at org.openqa.selenium.chrome.ChromeDriver.&lt;init&gt;(ChromeDriver.java:123)
	at Utilities.ExplicitCode.launchbrowser(ExplicitCode.java:76)
	at TestNg.TestNgForChrome.LB(TestNgForChrome.java:25)
	at java.base/java.util.ArrayList.forEach(ArrayList.java:1540)
... Removed 36 stack frames
</div> <!-- stack-trace -->
                </div> <!-- method-content -->
              </div> <!-- method -->
              <div class="method">
                <div class="method-content">
                  <a name="f">
                  </a> <!-- f -->
                  <span class="method-name">f</span>
                  <div class="stack-trace">org.openqa.selenium.SessionNotCreatedException: session not created
from chrome not reachable
  (Session info: chrome=80.0.3987.149)
Build info: version: &apos;3.141.59&apos;, revision: &apos;e82be7d358&apos;, time: &apos;2018-11-14T08:17:03&apos;
System info: host: &apos;DESKTOP-QK082SQ&apos;, ip: &apos;192.168.43.166&apos;, os.name: &apos;Windows 10&apos;, os.arch: &apos;amd64&apos;, os.version: &apos;10.0&apos;, java.version: &apos;12.0.2&apos;
Driver info: driver.version: ChromeDriver
remote stacktrace: Backtrace:
	Ordinal0 [0x00DFA113+1548563]
	Ordinal0 [0x00D7DDA1+1039777]
	Ordinal0 [0x00CFE32E+516910]
	Ordinal0 [0x00CF8012+491538]
	Ordinal0 [0x00CF86EB+493291]
	Ordinal0 [0x00CF9855+497749]
	Ordinal0 [0x00CF5885+481413]
	Ordinal0 [0x00CFF0D0+520400]
	Ordinal0 [0x00CAC030+180272]
	Ordinal0 [0x00CAB59D+177565]
	Ordinal0 [0x00CA95FB+169467]
	Ordinal0 [0x00C9160A+71178]
	Ordinal0 [0x00C92690+75408]
	Ordinal0 [0x00C92629+75305]
	Ordinal0 [0x00D971B7+1143223]
	GetHandleVerifier [0x00E92B46+507814]
	GetHandleVerifier [0x00E92864+507076]
	GetHandleVerifier [0x00E99F47+537511]
	GetHandleVerifier [0x00E93402+510050]
	Ordinal0 [0x00D8F29C+1110684]
	Ordinal0 [0x00D9938B+1151883]
	Ordinal0 [0x00D994F3+1152243]
	Ordinal0 [0x00D983F5+1147893]
	BaseThreadInitThunk [0x76E86359+25]
	RtlGetAppContainerNamedObjectPath [0x77B37B74+228]
	RtlGetAppContainerNamedObjectPath [0x77B37B44+180]

	at org.openqa.selenium.remote.W3CHandshakeResponse.lambda$errorHandler$0(W3CHandshakeResponse.java:62)
	at org.openqa.selenium.remote.HandshakeResponse.lambda$getResponseFunction$0(HandshakeResponse.java:30)
	at org.openqa.selenium.remote.ProtocolHandshake.lambda$createSession$0(ProtocolHandshake.java:126)
	at java.base/java.util.stream.ReferencePipeline$3$1.accept(ReferencePipeline.java:195)
	at java.base/java.util.Spliterators$ArraySpliterator.tryAdvance(Spliterators.java:958)
	at java.base/java.util.stream.ReferencePipeline.forEachWithCancel(ReferencePipeline.java:127)
	at java.base/java.util.stream.AbstractPipeline.copyIntoWithCancel(AbstractPipeline.java:502)
	at java.base/java.util.stream.AbstractPipeline.copyInto(AbstractPipeline.java:488)
	at java.base/java.util.stream.AbstractPipeline.wrapAndCopyInto(AbstractPipeline.java:474)
	at java.base/java.util.stream.FindOps$FindOp.evaluateSequential(FindOps.java:150)
	at java.base/java.util.stream.AbstractPipeline.evaluate(AbstractPipeline.java:234)
	at java.base/java.util.stream.ReferencePipeline.findFirst(ReferencePipeline.java:543)
	at org.openqa.selenium.remote.ProtocolHandshake.createSession(ProtocolHandshake.java:128)
	at org.openqa.selenium.remote.ProtocolHandshake.createSession(ProtocolHandshake.java:74)
	at org.openqa.selenium.remote.HttpCommandExecutor.execute(HttpCommandExecutor.java:136)
	at org.openqa.selenium.remote.service.DriverCommandExecutor.execute(DriverCommandExecutor.java:83)
	at org.openqa.selenium.remote.RemoteWebDriver.execute(RemoteWebDriver.java:552)
	at org.openqa.selenium.remote.RemoteWebDriver.startSession(RemoteWebDriver.java:213)
	at org.openqa.selenium.remote.RemoteWebDriver.&lt;init&gt;(RemoteWebDriver.java:131)
	at org.openqa.selenium.chrome.ChromeDriver.&lt;init&gt;(ChromeDriver.java:181)
	at org.openqa.selenium.chrome.ChromeDriver.&lt;init&gt;(ChromeDriver.java:168)
	at org.openqa.selenium.chrome.ChromeDriver.&lt;init&gt;(ChromeDriver.java:123)
	at Utilities.ExplicitCode.launchbrowser(ExplicitCode.java:76)
	at TestNg.TestNgForChrome.LB(TestNgForChrome.java:25)
	at java.base/java.util.ArrayList.forEach(ArrayList.java:1540)
... Removed 36 stack frames
</div> <!-- stack-trace -->
                </div> <!-- method-content -->
              </div> <!-- method -->
              <div class="method">
                <div class="method-content">
                  <a name="f">
                  </a> <!-- f -->
                  <span class="method-name">f</span>
                  <div class="stack-trace">org.openqa.selenium.SessionNotCreatedException: session not created
from chrome not reachable
  (Session info: chrome=80.0.3987.149)
Build info: version: &apos;3.141.59&apos;, revision: &apos;e82be7d358&apos;, time: &apos;2018-11-14T08:17:03&apos;
System info: host: &apos;DESKTOP-QK082SQ&apos;, ip: &apos;192.168.43.166&apos;, os.name: &apos;Windows 10&apos;, os.arch: &apos;amd64&apos;, os.version: &apos;10.0&apos;, java.version: &apos;12.0.2&apos;
Driver info: driver.version: ChromeDriver
remote stacktrace: Backtrace:
	Ordinal0 [0x00DFA113+1548563]
	Ordinal0 [0x00D7DDA1+1039777]
	Ordinal0 [0x00CFE32E+516910]
	Ordinal0 [0x00CF8012+491538]
	Ordinal0 [0x00CF86EB+493291]
	Ordinal0 [0x00CF9855+497749]
	Ordinal0 [0x00CF5885+481413]
	Ordinal0 [0x00CFF0D0+520400]
	Ordinal0 [0x00CAC030+180272]
	Ordinal0 [0x00CAB59D+177565]
	Ordinal0 [0x00CA95FB+169467]
	Ordinal0 [0x00C9160A+71178]
	Ordinal0 [0x00C92690+75408]
	Ordinal0 [0x00C92629+75305]
	Ordinal0 [0x00D971B7+1143223]
	GetHandleVerifier [0x00E92B46+507814]
	GetHandleVerifier [0x00E92864+507076]
	GetHandleVerifier [0x00E99F47+537511]
	GetHandleVerifier [0x00E93402+510050]
	Ordinal0 [0x00D8F29C+1110684]
	Ordinal0 [0x00D9938B+1151883]
	Ordinal0 [0x00D994F3+1152243]
	Ordinal0 [0x00D983F5+1147893]
	BaseThreadInitThunk [0x76E86359+25]
	RtlGetAppContainerNamedObjectPath [0x77B37B74+228]
	RtlGetAppContainerNamedObjectPath [0x77B37B44+180]

	at org.openqa.selenium.remote.W3CHandshakeResponse.lambda$errorHandler$0(W3CHandshakeResponse.java:62)
	at org.openqa.selenium.remote.HandshakeResponse.lambda$getResponseFunction$0(HandshakeResponse.java:30)
	at org.openqa.selenium.remote.ProtocolHandshake.lambda$createSession$0(ProtocolHandshake.java:126)
	at java.base/java.util.stream.ReferencePipeline$3$1.accept(ReferencePipeline.java:195)
	at java.base/java.util.Spliterators$ArraySpliterator.tryAdvance(Spliterators.java:958)
	at java.base/java.util.stream.ReferencePipeline.forEachWithCancel(ReferencePipeline.java:127)
	at java.base/java.util.stream.AbstractPipeline.copyIntoWithCancel(AbstractPipeline.java:502)
	at java.base/java.util.stream.AbstractPipeline.copyInto(AbstractPipeline.java:488)
	at java.base/java.util.stream.AbstractPipeline.wrapAndCopyInto(AbstractPipeline.java:474)
	at java.base/java.util.stream.FindOps$FindOp.evaluateSequential(FindOps.java:150)
	at java.base/java.util.stream.AbstractPipeline.evaluate(AbstractPipeline.java:234)
	at java.base/java.util.stream.ReferencePipeline.findFirst(ReferencePipeline.java:543)
	at org.openqa.selenium.remote.ProtocolHandshake.createSession(ProtocolHandshake.java:128)
	at org.openqa.selenium.remote.ProtocolHandshake.createSession(ProtocolHandshake.java:74)
	at org.openqa.selenium.remote.HttpCommandExecutor.execute(HttpCommandExecutor.java:136)
	at org.openqa.selenium.remote.service.DriverCommandExecutor.execute(DriverCommandExecutor.java:83)
	at org.openqa.selenium.remote.RemoteWebDriver.execute(RemoteWebDriver.java:552)
	at org.openqa.selenium.remote.RemoteWebDriver.startSession(RemoteWebDriver.java:213)
	at org.openqa.selenium.remote.RemoteWebDriver.&lt;init&gt;(RemoteWebDriver.java:131)
	at org.openqa.selenium.chrome.ChromeDriver.&lt;init&gt;(ChromeDriver.java:181)
	at org.openqa.selenium.chrome.ChromeDriver.&lt;init&gt;(ChromeDriver.java:168)
	at org.openqa.selenium.chrome.ChromeDriver.&lt;init&gt;(ChromeDriver.java:123)
	at Utilities.ExplicitCode.launchbrowser(ExplicitCode.java:76)
	at TestNg.TestNgForChrome.LB(TestNgForChrome.java:25)
	at java.base/java.util.ArrayList.forEach(ArrayList.java:1540)
... Removed 36 stack frames
</div> <!-- stack-trace -->
                </div> <!-- method-content -->
              </div> <!-- method -->
            </div> <!-- main-panel-content rounded-window-bottom -->
          </div> <!-- suite-Suite-class-skipped -->
          <div class="suite-Suite-class-skipped">
            <div class="main-panel-header rounded-window-top">
              <img src="skipped.png"/>
              <span class="class-name">TestNg.TestNgForFirefox</span>
            </div> <!-- main-panel-header rounded-window-top -->
            <div class="main-panel-content rounded-window-bottom">
              <div class="method">
                <div class="method-content">
                  <a name="add">
                  </a> <!-- add -->
                  <span class="method-name">add</span>
                  <div class="stack-trace">org.openqa.selenium.NoSuchWindowException: no such window: target window already closed
from unknown error: web view not found
  (Session info: chrome=80.0.3987.149)
Build info: version: &apos;3.141.59&apos;, revision: &apos;e82be7d358&apos;, time: &apos;2018-11-14T08:17:03&apos;
System info: host: &apos;DESKTOP-QK082SQ&apos;, ip: &apos;192.168.43.166&apos;, os.name: &apos;Windows 10&apos;, os.arch: &apos;amd64&apos;, os.version: &apos;10.0&apos;, java.version: &apos;12.0.2&apos;
Driver info: org.openqa.selenium.chrome.ChromeDriver
Capabilities {acceptInsecureCerts: false, browserName: chrome, browserVersion: 80.0.3987.149, chrome: {chromedriverVersion: 79.0.3945.36 (3582db32b3389..., userDataDir: C:\Users\mohan\AppData\Loca...}, goog:chromeOptions: {debuggerAddress: localhost:65084}, javascriptEnabled: true, networkConnectionEnabled: false, pageLoadStrategy: normal, platform: WINDOWS, platformName: WINDOWS, proxy: Proxy(), setWindowRect: true, strictFileInteractability: false, timeouts: {implicit: 0, pageLoad: 300000, script: 30000}, unhandledPromptBehavior: dismiss and notify}
Session ID: 6061b347a468c7c496f604cb3ee4264d
	at org.openqa.selenium.remote.http.W3CHttpResponseCodec.createException(W3CHttpResponseCodec.java:187)
	at org.openqa.selenium.remote.http.W3CHttpResponseCodec.decode(W3CHttpResponseCodec.java:122)
	at org.openqa.selenium.remote.http.W3CHttpResponseCodec.decode(W3CHttpResponseCodec.java:49)
	at org.openqa.selenium.remote.HttpCommandExecutor.execute(HttpCommandExecutor.java:158)
	at org.openqa.selenium.remote.service.DriverCommandExecutor.execute(DriverCommandExecutor.java:83)
	at org.openqa.selenium.remote.RemoteWebDriver.execute(RemoteWebDriver.java:552)
	at org.openqa.selenium.remote.RemoteWebDriver.execute(RemoteWebDriver.java:609)
	at org.openqa.selenium.remote.RemoteWebDriver$RemoteWebDriverOptions$RemoteWindow.maximize(RemoteWebDriver.java:837)
	at Utilities.ExplicitCode.launchbrowser(ExplicitCode.java:82)
	at TestNg.TestNgForFirefox.LB(TestNgForFirefox.java:25)
	at java.base/java.util.ArrayList.forEach(ArrayList.java:1540)
... Removed 36 stack frames
</div> <!-- stack-trace -->
                </div> <!-- method-content -->
              </div> <!-- method -->
              <div class="method">
                <div class="method-content">
                  <a name="f">
                  </a> <!-- f -->
                  <span class="method-name">f</span>
                  <div class="stack-trace">org.openqa.selenium.NoSuchWindowException: no such window: target window already closed
from unknown error: web view not found
  (Session info: chrome=80.0.3987.149)
Build info: version: &apos;3.141.59&apos;, revision: &apos;e82be7d358&apos;, time: &apos;2018-11-14T08:17:03&apos;
System info: host: &apos;DESKTOP-QK082SQ&apos;, ip: &apos;192.168.43.166&apos;, os.name: &apos;Windows 10&apos;, os.arch: &apos;amd64&apos;, os.version: &apos;10.0&apos;, java.version: &apos;12.0.2&apos;
Driver info: org.openqa.selenium.chrome.ChromeDriver
Capabilities {acceptInsecureCerts: false, browserName: chrome, browserVersion: 80.0.3987.149, chrome: {chromedriverVersion: 79.0.3945.36 (3582db32b3389..., userDataDir: C:\Users\mohan\AppData\Loca...}, goog:chromeOptions: {debuggerAddress: localhost:65084}, javascriptEnabled: true, networkConnectionEnabled: false, pageLoadStrategy: normal, platform: WINDOWS, platformName: WINDOWS, proxy: Proxy(), setWindowRect: true, strictFileInteractability: false, timeouts: {implicit: 0, pageLoad: 300000, script: 30000}, unhandledPromptBehavior: dismiss and notify}
Session ID: 6061b347a468c7c496f604cb3ee4264d
	at org.openqa.selenium.remote.http.W3CHttpResponseCodec.createException(W3CHttpResponseCodec.java:187)
	at org.openqa.selenium.remote.http.W3CHttpResponseCodec.decode(W3CHttpResponseCodec.java:122)
	at org.openqa.selenium.remote.http.W3CHttpResponseCodec.decode(W3CHttpResponseCodec.java:49)
	at org.openqa.selenium.remote.HttpCommandExecutor.execute(HttpCommandExecutor.java:158)
	at org.openqa.selenium.remote.service.DriverCommandExecutor.execute(DriverCommandExecutor.java:83)
	at org.openqa.selenium.remote.RemoteWebDriver.execute(RemoteWebDriver.java:552)
	at org.openqa.selenium.remote.RemoteWebDriver.execute(RemoteWebDriver.java:609)
	at org.openqa.selenium.remote.RemoteWebDriver$RemoteWebDriverOptions$RemoteWindow.maximize(RemoteWebDriver.java:837)
	at Utilities.ExplicitCode.launchbrowser(ExplicitCode.java:82)
	at TestNg.TestNgForFirefox.LB(TestNgForFirefox.java:25)
	at java.base/java.util.ArrayList.forEach(ArrayList.java:1540)
... Removed 36 stack frames
</div> <!-- stack-trace -->
                </div> <!-- method-content -->
              </div> <!-- method -->
              <div class="method">
                <div class="method-content">
                  <a name="f">
                  </a> <!-- f -->
                  <span class="method-name">f</span>
                  <div class="stack-trace">org.openqa.selenium.NoSuchWindowException: no such window: target window already closed
from unknown error: web view not found
  (Session info: chrome=80.0.3987.149)
Build info: version: &apos;3.141.59&apos;, revision: &apos;e82be7d358&apos;, time: &apos;2018-11-14T08:17:03&apos;
System info: host: &apos;DESKTOP-QK082SQ&apos;, ip: &apos;192.168.43.166&apos;, os.name: &apos;Windows 10&apos;, os.arch: &apos;amd64&apos;, os.version: &apos;10.0&apos;, java.version: &apos;12.0.2&apos;
Driver info: org.openqa.selenium.chrome.ChromeDriver
Capabilities {acceptInsecureCerts: false, browserName: chrome, browserVersion: 80.0.3987.149, chrome: {chromedriverVersion: 79.0.3945.36 (3582db32b3389..., userDataDir: C:\Users\mohan\AppData\Loca...}, goog:chromeOptions: {debuggerAddress: localhost:65084}, javascriptEnabled: true, networkConnectionEnabled: false, pageLoadStrategy: normal, platform: WINDOWS, platformName: WINDOWS, proxy: Proxy(), setWindowRect: true, strictFileInteractability: false, timeouts: {implicit: 0, pageLoad: 300000, script: 30000}, unhandledPromptBehavior: dismiss and notify}
Session ID: 6061b347a468c7c496f604cb3ee4264d
	at org.openqa.selenium.remote.http.W3CHttpResponseCodec.createException(W3CHttpResponseCodec.java:187)
	at org.openqa.selenium.remote.http.W3CHttpResponseCodec.decode(W3CHttpResponseCodec.java:122)
	at org.openqa.selenium.remote.http.W3CHttpResponseCodec.decode(W3CHttpResponseCodec.java:49)
	at org.openqa.selenium.remote.HttpCommandExecutor.execute(HttpCommandExecutor.java:158)
	at org.openqa.selenium.remote.service.DriverCommandExecutor.execute(DriverCommandExecutor.java:83)
	at org.openqa.selenium.remote.RemoteWebDriver.execute(RemoteWebDriver.java:552)
	at org.openqa.selenium.remote.RemoteWebDriver.execute(RemoteWebDriver.java:609)
	at org.openqa.selenium.remote.RemoteWebDriver$RemoteWebDriverOptions$RemoteWindow.maximize(RemoteWebDriver.java:837)
	at Utilities.ExplicitCode.launchbrowser(ExplicitCode.java:82)
	at TestNg.TestNgForFirefox.LB(TestNgForFirefox.java:25)
	at java.base/java.util.ArrayList.forEach(ArrayList.java:1540)
... Removed 36 stack frames
</div> <!-- stack-trace -->
                </div> <!-- method-content -->
              </div> <!-- method -->
            </div> <!-- main-panel-content rounded-window-bottom -->
          </div> <!-- suite-Suite-class-skipped -->
        </div> <!-- panel Suite -->
        <div panel-name="test-xml-Suite" class="panel">
          <div class="main-panel-header rounded-window-top">
            <span class="header-content">C:\Users\mohan\Downloads\Hemanthkumar_845133\Hemanth_Projectmodified\Hemanth_Project\testngC.xml</span>
          </div> <!-- main-panel-header rounded-window-top -->
          <div class="main-panel-content rounded-window-bottom">
            <pre>
&lt;?xml version=&quot;1.0&quot; encoding=&quot;UTF-8&quot;?&gt;
&lt;!DOCTYPE suite SYSTEM &quot;https://testng.org/testng-1.0.dtd&quot;&gt;
&lt;suite name=&quot;Suite&quot; guice-stage=&quot;DEVELOPMENT&quot;&gt;
  &lt;test thread-count=&quot;5&quot; name=&quot;Test&quot;&gt;
    &lt;classes&gt;
      &lt;class name=&quot;TestNg.TestNgForChrome&quot;/&gt;
      &lt;class name=&quot;TestNg.TestNgForFirefox&quot;/&gt;
    &lt;/classes&gt;
  &lt;/test&gt; &lt;!-- Test --&gt;
&lt;/suite&gt; &lt;!-- Suite --&gt;
            </pre>
          </div> <!-- main-panel-content rounded-window-bottom -->
        </div> <!-- panel -->
        <div panel-name="testlist-Suite" class="panel">
          <div class="main-panel-header rounded-window-top">
            <span class="header-content">Tests for Suite</span>
          </div> <!-- main-panel-header rounded-window-top -->
          <div class="main-panel-content rounded-window-bottom">
            <ul>
              <li>
                <span class="test-name">Test (2 classes)</span>
              </li>
            </ul>
          </div> <!-- main-panel-content rounded-window-bottom -->
        </div> <!-- panel -->
        <div panel-name="group-Suite" class="panel">
          <div class="main-panel-header rounded-window-top">
            <span class="header-content">Groups for Suite</span>
          </div> <!-- main-panel-header rounded-window-top -->
          <div class="main-panel-content rounded-window-bottom">
          </div> <!-- main-panel-content rounded-window-bottom -->
        </div> <!-- panel -->
        <div panel-name="times-Suite" class="panel">
          <div class="main-panel-header rounded-window-top">
            <span class="header-content">Times for Suite</span>
          </div> <!-- main-panel-header rounded-window-top -->
          <div class="main-panel-content rounded-window-bottom">
            <div class="times-div">
              <script type="text/javascript">
suiteTableInitFunctions.push('tableData_Suite');
function tableData_Suite() {
var data = new google.visualization.DataTable();
data.addColumn('number', 'Number');
data.addColumn('string', 'Method');
data.addColumn('string', 'Class');
data.addColumn('number', 'Time (ms)');
data.addRows(8);
data.setCell(0, 0, 0)
data.setCell(0, 1, 'f')
data.setCell(0, 2, 'TestNg.TestNgForFirefox')
data.setCell(0, 3, 1006);
data.setCell(1, 0, 1)
data.setCell(1, 1, 'f')
data.setCell(1, 2, 'TestNg.TestNgForFirefox')
data.setCell(1, 3, 0);
data.setCell(2, 0, 2)
data.setCell(2, 1, 'f')
data.setCell(2, 2, 'TestNg.TestNgForChrome')
data.setCell(2, 3, 0);
data.setCell(3, 0, 3)
data.setCell(3, 1, 'f')
data.setCell(3, 2, 'TestNg.TestNgForFirefox')
data.setCell(3, 3, 0);
data.setCell(4, 0, 4)
data.setCell(4, 1, 'add')
data.setCell(4, 2, 'TestNg.TestNgForChrome')
data.setCell(4, 3, 0);
data.setCell(5, 0, 5)
data.setCell(5, 1, 'add')
data.setCell(5, 2, 'TestNg.TestNgForFirefox')
data.setCell(5, 3, 0);
data.setCell(6, 0, 6)
data.setCell(6, 1, 'f')
data.setCell(6, 2, 'TestNg.TestNgForChrome')
data.setCell(6, 3, 0);
data.setCell(7, 0, 7)
data.setCell(7, 1, 'f')
data.setCell(7, 2, 'TestNg.TestNgForChrome')
data.setCell(7, 3, 0);
window.suiteTableData['Suite']= { tableData: data, tableDiv: 'times-div-Suite'}
return data;
}
              </script>
              <span class="suite-total-time">Total running time: 1 seconds</span>
              <div id="times-div-Suite">
              </div> <!-- times-div-Suite -->
            </div> <!-- times-div -->
          </div> <!-- main-panel-content rounded-window-bottom -->
        </div> <!-- panel -->
        <div panel-name="reporter-Suite" class="panel">
          <div class="main-panel-header rounded-window-top">
            <span class="header-content">Reporter output for Suite</span>
          </div> <!-- main-panel-header rounded-window-top -->
          <div class="main-panel-content rounded-window-bottom">
          </div> <!-- main-panel-content rounded-window-bottom -->
        </div> <!-- panel -->
        <div panel-name="ignored-methods-Suite" class="panel">
          <div class="main-panel-header rounded-window-top">
            <span class="header-content">0 ignored methods</span>
          </div> <!-- main-panel-header rounded-window-top -->
          <div class="main-panel-content rounded-window-bottom">
          </div> <!-- main-panel-content rounded-window-bottom -->
        </div> <!-- panel -->
        <div panel-name="chronological-Suite" class="panel">
          <div class="main-panel-header rounded-window-top">
            <span class="header-content">Methods in chronological order</span>
          </div> <!-- main-panel-header rounded-window-top -->
          <div class="main-panel-content rounded-window-bottom">
            <div class="chronological-class">
              <div class="chronological-class-name">TestNg.TestNgForChrome</div> <!-- chronological-class-name -->
              <div class="configuration-class before">
                <span class="method-name">GE</span>
                <span class="method-start">0 ms</span>
              </div> <!-- configuration-class before -->
              <div class="configuration-method before">
                <img src="failed.png">
                </img>
                <span class="method-name">LB</span>
                <span class="method-start">34 ms</span>
              </div> <!-- configuration-method before -->
              <div class="test-method">
                <span class="method-name">f</span>
                <span class="method-start">16478 ms</span>
              </div> <!-- test-method -->
              <div class="configuration-method before">
                <span class="method-name">LB</span>
                <span class="method-start">16494 ms</span>
              </div> <!-- configuration-method before -->
              <div class="test-method">
                <span class="method-name">f</span>
                <span class="method-start">16494 ms</span>
              </div> <!-- test-method -->
              <div class="configuration-method before">
                <span class="method-name">LB</span>
                <span class="method-start">16509 ms</span>
              </div> <!-- configuration-method before -->
              <div class="test-method">
                <span class="method-name">f</span>
                <span class="method-start">16509 ms</span>
              </div> <!-- test-method -->
              <div class="configuration-method before">
                <span class="method-name">LB</span>
                <span class="method-start">16525 ms</span>
              </div> <!-- configuration-method before -->
              <div class="test-method">
                <span class="method-name">add</span>
                <span class="method-start">16525 ms</span>
              </div> <!-- test-method -->
            </div> <!-- chronological-class -->
            <div class="chronological-class">
              <div class="chronological-class-name">TestNg.TestNgForFirefox</div> <!-- chronological-class-name -->
              <div class="configuration-class before">
                <span class="method-name">GE</span>
                <span class="method-start">16541 ms</span>
              </div> <!-- configuration-class before -->
              <div class="configuration-method before">
                <span class="method-name">LB</span>
                <span class="method-start">16557 ms</span>
              </div> <!-- configuration-method before -->
              <div class="test-method">
                <img src="failed.png">
                </img>
                <span class="method-name">f(null, null)</span>
                <span class="method-start">32341 ms</span>
              </div> <!-- test-method -->
              <div class="configuration-method before">
                <img src="failed.png">
                </img>
                <span class="method-name">LB</span>
                <span class="method-start">33354 ms</span>
              </div> <!-- configuration-method before -->
              <div class="test-method">
                <span class="method-name">f</span>
                <span class="method-start">40128 ms</span>
              </div> <!-- test-method -->
              <div class="configuration-method before">
                <span class="method-name">LB</span>
                <span class="method-start">40144 ms</span>
              </div> <!-- configuration-method before -->
              <div class="test-method">
                <span class="method-name">f</span>
                <span class="method-start">40148 ms</span>
              </div> <!-- test-method -->
              <div class="configuration-method before">
                <span class="method-name">LB</span>
                <span class="method-start">40181 ms</span>
              </div> <!-- configuration-method before -->
              <div class="test-method">
                <span class="method-name">add</span>
                <span class="method-start">40181 ms</span>
              </div> <!-- test-method -->
          </div> <!-- main-panel-content rounded-window-bottom -->
        </div> <!-- panel -->
      </div> <!-- main-panel-root -->
    </div> <!-- wrapper -->
  </body>
</html>
